This is pdfTeX, Version 3.1415926-2.5-1.40.14 (MiKTeX 2.9) (preloaded format=pdflatex 2015.3.3)  7 OCT 2015 23:37
entering extended mode
**C:/Users/Steven/Documents/landingpad/Documents/Prototypes/Sprint_1/prototype_
1.tex

(C:/Users/Steven/Documents/landingpad/Documents/Prototypes/Sprint_1/prototype_1
.tex
LaTeX2e <2011/06/27>
Babel <v3.8m> and hyphenation patterns for english, afrikaans, ancientgreek, ar
abic, armenian, assamese, basque, bengali, bokmal, bulgarian, catalan, coptic, 
croatian, czech, danish, dutch, esperanto, estonian, farsi, finnish, french, ga
lician, german, german-x-2013-05-26, greek, gujarati, hindi, hungarian, iceland
ic, indonesian, interlingua, irish, italian, kannada, kurmanji, latin, latvian,
 lithuanian, malayalam, marathi, mongolian, mongolianlmc, monogreek, ngerman, n
german-x-2013-05-26, nynorsk, oriya, panjabi, pinyin, polish, portuguese, roman
ian, russian, sanskrit, serbian, slovak, slovenian, spanish, swedish, swissgerm
an, tamil, telugu, turkish, turkmen, ukenglish, ukrainian, uppersorbian, usengl
ishmax, welsh, loaded.
(C:\Users\Steven\Desktop\COMP\tex\latex\base\article.cls
Document Class: article 2007/10/19 v1.4h Standard LaTeX document class
(C:\Users\Steven\Desktop\COMP\tex\latex\base\size11.clo
File: size11.clo 2007/10/19 v1.4h Standard LaTeX file (size option)
)
\c@part=\count79
\c@section=\count80
\c@subsection=\count81
\c@subsubsection=\count82
\c@paragraph=\count83
\c@subparagraph=\count84
\c@figure=\count85
\c@table=\count86
\abovecaptionskip=\skip41
\belowcaptionskip=\skip42
\bibindent=\dimen102
)
(C:\Users\Steven\Desktop\COMP\tex\latex\geometry\geometry.sty
Package: geometry 2010/09/12 v5.6 Page Geometry

(C:\Users\Steven\Desktop\COMP\tex\latex\graphics\keyval.sty
Package: keyval 1999/03/16 v1.13 key=value parser (DPC)
\KV@toks@=\toks14
)
(C:\Users\Steven\Desktop\COMP\tex\generic\oberdiek\ifpdf.sty
Package: ifpdf 2011/01/30 v2.3 Provides the ifpdf switch (HO)
Package ifpdf Info: pdfTeX in PDF mode is detected.
)
(C:\Users\Steven\Desktop\COMP\tex\generic\oberdiek\ifvtex.sty
Package: ifvtex 2010/03/01 v1.5 Detect VTeX and its facilities (HO)
Package ifvtex Info: VTeX not detected.
)
(C:\Users\Steven\Desktop\COMP\tex\generic\ifxetex\ifxetex.sty
Package: ifxetex 2010/09/12 v0.6 Provides ifxetex conditional
)
\Gm@cnth=\count87
\Gm@cntv=\count88
\c@Gm@tempcnt=\count89
\Gm@bindingoffset=\dimen103
\Gm@wd@mp=\dimen104
\Gm@odd@mp=\dimen105
\Gm@even@mp=\dimen106
\Gm@layoutwidth=\dimen107
\Gm@layoutheight=\dimen108
\Gm@layouthoffset=\dimen109
\Gm@layoutvoffset=\dimen110
\Gm@dimlist=\toks15

(C:\Users\Steven\Desktop\COMP\tex\latex\geometry\geometry.cfg))
(C:\Users\Steven\Desktop\COMP\tex\latex\graphics\graphicx.sty
Package: graphicx 1999/02/16 v1.0f Enhanced LaTeX Graphics (DPC,SPQR)

(C:\Users\Steven\Desktop\COMP\tex\latex\graphics\graphics.sty
Package: graphics 2009/02/05 v1.0o Standard LaTeX Graphics (DPC,SPQR)

(C:\Users\Steven\Desktop\COMP\tex\latex\graphics\trig.sty
Package: trig 1999/03/16 v1.09 sin cos tan (DPC)
)
(C:\Users\Steven\Desktop\COMP\tex\latex\00miktex\graphics.cfg
File: graphics.cfg 2007/01/18 v1.5 graphics configuration of teTeX/TeXLive
)
Package graphics Info: Driver file: pdftex.def on input line 91.

(C:\Users\Steven\Desktop\COMP\tex\latex\pdftex-def\pdftex.def
File: pdftex.def 2011/05/27 v0.06d Graphics/color for pdfTeX

(C:\Users\Steven\Desktop\COMP\tex\generic\oberdiek\infwarerr.sty
Package: infwarerr 2010/04/08 v1.3 Providing info/warning/error messages (HO)
)
(C:\Users\Steven\Desktop\COMP\tex\generic\oberdiek\ltxcmds.sty
Package: ltxcmds 2011/11/09 v1.22 LaTeX kernel commands for general use (HO)
)
\Gread@gobject=\count90
))
\Gin@req@height=\dimen111
\Gin@req@width=\dimen112
)
(C:\Users\Steven\Desktop\COMP\tex\latex\anyfontsize\anyfontsize.sty
Package: anyfontsize 2007/11/22 anyfontsize.sty by pts
)
(C:\Users\Steven\Desktop\COMP\tex\latex\base\t1enc.sty
Package: t1enc 1994/06/01 Standard LaTeX package
)
(C:\Users\Steven\Desktop\COMP\tex\latex\tools\verbatim.sty
Package: verbatim 2003/08/22 v1.5q LaTeX2e package for verbatim enhancements
\every@verbatim=\toks16
\verbatim@line=\toks17
\verbatim@in@stream=\read1
)
(C:\Users\Steven\Desktop\COMP\tex\latex\algorithms\algorithm.sty
Package: algorithm 2009/08/24 v0.1 Document Style `algorithm' - floating enviro
nment

(C:\Users\Steven\Desktop\COMP\tex\latex\float\float.sty
Package: float 2001/11/08 v1.3d Float enhancements (AL)
\c@float@type=\count91
\float@exts=\toks18
\float@box=\box26
\@float@everytoks=\toks19
\@floatcapt=\box27
)
(C:\Users\Steven\Desktop\COMP\tex\latex\base\ifthen.sty
Package: ifthen 2001/05/26 v1.1c Standard LaTeX ifthen package (DPC)
)
\@float@every@algorithm=\toks20
\c@algorithm=\count92
)
(C:\Users\Steven\Desktop\COMP\tex\latex\algorithms\algorithmic.sty
Package: algorithmic 2009/08/24 v0.1 Document Style `algorithmic'
\c@ALC@unique=\count93
\c@ALC@line=\count94
\c@ALC@rem=\count95
\c@ALC@depth=\count96
\ALC@tlm=\skip43
\algorithmicindent=\skip44
)
(C:\Users\Steven\Desktop\COMP\tex\latex\framed\framed.sty
Package: framed 2011/10/22 v 0.96: framed or shaded text with page breaks
\OuterFrameSep=\skip45
\fb@frw=\dimen113
\fb@frh=\dimen114
\FrameRule=\dimen115
\FrameSep=\dimen116
)
(C:\Users\Steven\Desktop\COMP\tex\latex\pdfpages\pdfpages.sty
Package: pdfpages 2015/09/18 v0.5d Insert pages of external PDF documents (AM)

(C:\Users\Steven\Desktop\COMP\tex\latex\tools\calc.sty
Package: calc 2007/08/22 v4.3 Infix arithmetic (KKT,FJ)
\calc@Acount=\count97
\calc@Bcount=\count98
\calc@Adimen=\dimen117
\calc@Bdimen=\dimen118
\calc@Askip=\skip46
\calc@Bskip=\skip47
LaTeX Info: Redefining \setlength on input line 76.
LaTeX Info: Redefining \addtolength on input line 77.
\calc@Ccount=\count99
\calc@Cskip=\skip48
)
(C:\Users\Steven\Desktop\COMP\tex\latex\eso-pic\eso-pic.sty
Package: eso-pic 2015/07/21 v2.0g eso-pic (RN)

(C:\Users\Steven\Desktop\COMP\tex\generic\oberdiek\atbegshi.sty
Package: atbegshi 2011/10/05 v1.16 At begin shipout hook (HO)
)
(C:\Users\Steven\Desktop\COMP\tex\latex\xcolor\xcolor.sty
Package: xcolor 2007/01/21 v2.11 LaTeX color extensions (UK)

(C:\Users\Steven\Desktop\COMP\tex\latex\00miktex\color.cfg
File: color.cfg 2007/01/18 v1.5 color configuration of teTeX/TeXLive
)
Package xcolor Info: Driver file: pdftex.def on input line 225.
Package xcolor Info: Model `cmy' substituted by `cmy0' on input line 1337.
Package xcolor Info: Model `hsb' substituted by `rgb' on input line 1341.
Package xcolor Info: Model `RGB' extended on input line 1353.
Package xcolor Info: Model `HTML' substituted by `rgb' on input line 1355.
Package xcolor Info: Model `Hsb' substituted by `hsb' on input line 1356.
Package xcolor Info: Model `tHsb' substituted by `hsb' on input line 1357.
Package xcolor Info: Model `HSB' substituted by `hsb' on input line 1358.
Package xcolor Info: Model `Gray' substituted by `gray' on input line 1359.
Package xcolor Info: Model `wave' substituted by `hsb' on input line 1360.
))
\AM@pagewidth=\dimen119
\AM@pageheight=\dimen120

(C:\Users\Steven\Desktop\COMP\tex\latex\pdfpages\pppdftex.def
File: pppdftex.def 2015/09/18 v0.5d Pdfpages driver for pdfTeX (AM)
)
\AM@pagebox=\box28
\AM@toc@title=\toks21
\c@AM@survey=\count100
\AM@templatesizebox=\box29
)
(C:\Users\Steven\Desktop\COMP\tex\latex\listings\listings.sty
\lst@mode=\count101
\lst@gtempboxa=\box30
\lst@token=\toks22
\lst@length=\count102
\lst@currlwidth=\dimen121
\lst@column=\count103
\lst@pos=\count104
\lst@lostspace=\dimen122
\lst@width=\dimen123
\lst@newlines=\count105
\lst@lineno=\count106
\lst@maxwidth=\dimen124

(C:\Users\Steven\Desktop\COMP\tex\latex\listings\lstmisc.sty
File: lstmisc.sty 2014/09/06 1.5e (Carsten Heinz)
\c@lstnumber=\count107
\lst@skipnumbers=\count108
\lst@framebox=\box31
)
(C:\Users\Steven\Desktop\COMP\tex\latex\listings\listings.cfg
File: listings.cfg 2014/09/06 1.5e listings configuration
))
Package: listings 2014/09/06 1.5e (Carsten Heinz)

(C:\Users\Steven\Desktop\COMP\tex\latex\listings\lstlang1.sty
File: lstlang1.sty 2014/09/06 1.5e listings language file
)
(C:\Users\Steven\Desktop\COMP\tex\latex\listings\lstmisc.sty
File: lstmisc.sty 2014/09/06 1.5e (Carsten Heinz)
)
(C:\Users\Steven\Desktop\COMP\tex\latex\listings\lstlang1.sty
File: lstlang1.sty 2014/09/06 1.5e listings language file
)
(C:\Users\Steven\Desktop\COMP\tex\latex\psnfss\helvet.sty
Package: helvet 2005/04/12 PSNFSS-v9.2a (WaS) 
)
(C:\Users\Steven\Desktop\COMP\tex\latex\titlesec\titlesec.sty
Package: titlesec 2011/12/15 v2.10.0 Sectioning titles
\ttl@box=\box32
\beforetitleunit=\skip49
\aftertitleunit=\skip50
\ttl@plus=\dimen125
\ttl@minus=\dimen126
\ttl@toksa=\toks23
\titlewidth=\dimen127
\titlewidthlast=\dimen128
\titlewidthfirst=\dimen129
)
(C:\Users\Steven\Desktop\COMP\tex\latex\wrapfig\wrapfig.sty
\wrapoverhang=\dimen130
\WF@size=\dimen131
\c@WF@wrappedlines=\count109
\WF@box=\box33
\WF@everypar=\toks24
Package: wrapfig 2003/01/31  v 3.6
)
(C:\Users\Steven\Desktop\COMP\tex\latex\caption\caption.sty
Package: caption 2015/09/17 v3.3-111 Customizing captions (AR)

(C:\Users\Steven\Desktop\COMP\tex\latex\caption\caption3.sty
Package: caption3 2015/09/17 v1.7-111 caption3 kernel (AR)
Package caption3 Info: TeX engine: e-TeX on input line 57.
\captionmargin=\dimen132
\captionmargin@=\dimen133
\captionwidth=\dimen134
\caption@tempdima=\dimen135
\caption@indent=\dimen136
\caption@parindent=\dimen137
\caption@hangindent=\dimen138
)
\c@ContinuedFloat=\count110
Package caption Info: float package is loaded.
Package caption Info: listings package is loaded.
Package caption Info: wrapfig package is loaded.
)
(C:\Users\Steven\Documents\landingpad\Documents\Prototypes\Sprint_1\prototype_1
.aux)
LaTeX Font Info:    Checking defaults for OML/cmm/m/it on input line 55.
LaTeX Font Info:    ... okay on input line 55.
LaTeX Font Info:    Checking defaults for T1/cmr/m/n on input line 55.
LaTeX Font Info:    ... okay on input line 55.
LaTeX Font Info:    Checking defaults for OT1/cmr/m/n on input line 55.
LaTeX Font Info:    ... okay on input line 55.
LaTeX Font Info:    Checking defaults for OMS/cmsy/m/n on input line 55.
LaTeX Font Info:    ... okay on input line 55.
LaTeX Font Info:    Checking defaults for OMX/cmex/m/n on input line 55.
LaTeX Font Info:    ... okay on input line 55.
LaTeX Font Info:    Checking defaults for U/cmr/m/n on input line 55.
LaTeX Font Info:    ... okay on input line 55.
LaTeX Font Info:    Try loading font information for T1+phv on input line 55.
 (C:\Users\Steven\Desktop\COMP\tex\latex\psnfss\t1phv.fd
File: t1phv.fd 2001/06/04 scalable font definitions for T1/phv.
)
*geometry* driver: auto-detecting
*geometry* detected driver: pdftex
*geometry* verbose mode - [ preamble ] result:
* driver: pdftex
* paper: custom
* layout: <same size as paper>
* layoutoffset:(h,v)=(0.0pt,0.0pt)
* modes: 
* h-part:(L,W,R)=(54.2025pt, 505.89pt, 54.2025pt)
* v-part:(T,H,B)=(72.26999pt, 650.43pt, 72.27pt)
* \paperwidth=614.295pt
* \paperheight=794.96999pt
* \textwidth=505.89pt
* \textheight=650.43pt
* \oddsidemargin=-18.06749pt
* \evensidemargin=-18.06749pt
* \topmargin=-37.0pt
* \headheight=12.0pt
* \headsep=25.0pt
* \topskip=11.0pt
* \footskip=30.0pt
* \marginparwidth=59.0pt
* \marginparsep=10.0pt
* \columnsep=10.0pt
* \skip\footins=10.0pt plus 4.0pt minus 2.0pt
* \hoffset=0.0pt
* \voffset=0.0pt
* \mag=1000
* \@twocolumnfalse
* \@twosidefalse
* \@mparswitchfalse
* \@reversemarginfalse
* (1in=72.27pt=25.4mm, 1cm=28.453pt)

(C:\Users\Steven\Desktop\COMP\tex\context\base\supp-pdf.mkii
[Loading MPS to PDF converter (version 2006.09.02).]
\scratchcounter=\count111
\scratchdimen=\dimen139
\scratchbox=\box34
\nofMPsegments=\count112
\nofMParguments=\count113
\everyMPshowfont=\toks25
\MPscratchCnt=\count114
\MPscratchDim=\dimen140
\MPnumerator=\count115
\makeMPintoPDFobject=\count116
\everyMPtoPDFconversion=\toks26
)
\AtBeginShipoutBox=\box35
 (C:\Users\Steven\Desktop\COMP\tex\latex\oberdiek\pdflscape.sty
Package: pdflscape 2008/08/11 v0.10 Display of landscape pages in PDF (HO)

(C:\Users\Steven\Desktop\COMP\tex\latex\graphics\lscape.sty
Package: lscape 2000/10/22 v3.01 Landscape Pages (DPC)
)
Package pdflscape Info: Auto-detected driver: pdftex on input line 80.
)
\c@lstlisting=\count117
Package caption Info: Begin \AtBeginDocument code.
Package caption Info: End \AtBeginDocument code.
LaTeX Font Info:    Font shape `T1/phv/bx/n' in size <17.28> not available
(Font)              Font shape `T1/phv/b/n' tried instead on input line 58.
LaTeX Font Info:    External font `cmex10' loaded for size
(Font)              <12> on input line 58.
LaTeX Font Info:    External font `cmex10' loaded for size
(Font)              <8> on input line 58.
LaTeX Font Info:    External font `cmex10' loaded for size
(Font)              <6> on input line 58.


LaTeX Warning: No \author given.

LaTeX Font Info:    Font shape `T1/phv/bx/n' in size <14.4> not available
(Font)              Font shape `T1/phv/b/n' tried instead on input line 60.

Underfull \hbox (badness 10000) in paragraph at lines 62--63

 []


Underfull \hbox (badness 10000) in paragraph at lines 64--65

 []

LaTeX Font Info:    Try loading font information for OMS+phv on input line 70.
(C:\Users\Steven\Desktop\COMP\tex\latex\psnfss\omsphv.fd
File: omsphv.fd 
)
LaTeX Font Info:    Font shape `OMS/phv/m/n' in size <10.95> not available
(Font)              Font shape `OMS/cmsy/m/n' tried instead on input line 70.
LaTeX Font Info:    Font shape `T1/phv/bx/n' in size <10.95> not available
(Font)              Font shape `T1/phv/b/n' tried instead on input line 72.

Underfull \hbox (badness 10000) in paragraph at lines 91--93

 []

[1

{C:/Users/Steven/AppData/Local/MiKTeX/2.9/pdftex/config/pdftex.map}]
<landing_pad.png, id=8, 211.54031pt x 185.19188pt>
File: landing_pad.png Graphic file (type png)
 <use landing_pad.png>
Package pdftex.def Info: landing_pad.png used on input line 104.
(pdftex.def)             Requested size: 202.3529pt x 177.15483pt.
LaTeX Font Info:    External font `cmex10' loaded for size
(Font)              <10.95> on input line 109.

Underfull \hbox (badness 1292) in paragraph at lines 109--110
\T1/phv/m/n/10.95 promise to solve the land-ing goal. Au-tonomous land-
 []


Underfull \hbox (badness 2213) in paragraph at lines 109--110
\T1/phv/m/n/10.95 tion be-low) pro-vides an ac-cu-racy of nav-point nav-i-ga-
 []


Underfull \hbox (badness 4229) in paragraph at lines 109--110
\T1/phv/m/n/10.95 tion, given op-ti-mal con-di-tions, to within $\OT1/cmr/m/n/1
0.95 +\OML/cmm/m/it/10.95 =\OMS/cmsy/m/n/10.95  $\T1/phv/m/n/10.95 10 me-
 []


Underfull \hbox (badness 1735) in paragraph at lines 109--110
\T1/phv/m/n/10.95 ters. This is ob-vi-ously un-sat-is-fac-tory to use for pur-
 []


Underfull \hbox (badness 3199) in paragraph at lines 109--110
\T1/phv/m/n/10.95 poses of land-ing on a small plat-form, but it should
 []


Underfull \hbox (badness 8019) in paragraph at lines 109--110
\T1/phv/m/n/10.95 bring us within a dis-tance of our goal to de-tect
 []


Underfull \hbox (badness 3514) in paragraph at lines 109--110
\T1/phv/m/n/10.95 the land-ing plat-form from our down-ward fac-ing cam-
 []


Underfull \hbox (badness 10000) in paragraph at lines 109--110

 []

LaTeX Font Info:    Font shape `T1/phv/m/it' in size <10.95> not available
(Font)              Font shape `T1/phv/m/sl' tried instead on input line 111.

Underfull \hbox (badness 10000) in paragraph at lines 111--112

 []


Underfull \hbox (badness 10000) in paragraph at lines 113--114

 []

[2 <C:/Users/Steven/Documents/landingpad/Documents/Prototypes/Sprint_1/landing_
pad.png>] <UAV_Control_1.png, id=17, 432.86719pt x 396.7322pt>
File: UAV_Control_1.png Graphic file (type png)

<use UAV_Control_1.png>
Package pdftex.def Info: UAV_Control_1.png used on input line 126.
(pdftex.def)             Requested size: 252.94499pt x 231.83011pt.
 <UAV.png, id=18, 1277.77374pt x 958.58125pt>
File: UAV.png Graphic file (type png)

<use UAV.png>
Package pdftex.def Info: UAV.png used on input line 134.
(pdftex.def)             Requested size: 252.94499pt x 189.75287pt.

Overfull \hbox (20.77681pt too wide) in paragraph at lines 140--142
\T1/phv/m/n/10.95 The hard-ware plat-form is a quadro-tor that had been as-sem-
bled from a pre-vi-ous it-er-a-tion of the project(figure 3[]).
 []

[3 <C:/Users/Steven/Documents/landingpad/Documents/Prototypes/Sprint_1/UAV_Cont
rol_1.png> <C:/Users/Steven/Documents/landingpad/Documents/Prototypes/Sprint_1/
UAV.png>] <UAV_Control_2.png, id=23, 312.41719pt x 321.45094pt>
File: UAV_Control_2.png Graphic file (type png)

<use UAV_Control_2.png>
Package pdftex.def Info: UAV_Control_2.png used on input line 161.
(pdftex.def)             Requested size: 252.94499pt x 260.26591pt.
 [4 <C:/Users/Steven/Documents/landingpad/Documents/Prototypes/Sprint_1/UAV_Con
trol_2.png>] [5]
(C:\Users\Steven\Documents\landingpad\Documents\Prototypes\Sprint_1\prototype_1
.aux) ) 
Here is how much of TeX's memory you used:
 5919 strings out of 493921
 88560 string characters out of 3146879
 166080 words of memory out of 3000000
 9124 multiletter control sequences out of 15000+200000
 30255 words of font info for 42 fonts, out of 3000000 for 9000
 841 hyphenation exceptions out of 8191
 37i,7n,49p,752b,308s stack positions out of 5000i,500n,10000p,200000b,50000s
{C:/Users/Steven/Desktop/COMP/fonts/enc/dvips/fontname/8r.enc}<C:/Users/
Steven/Desktop/COMP/fonts/type1/public/amsfonts/cm/cmmi10.pfb><C:/Users/Steven/
Desktop/COMP/fonts/type1/public/amsfonts/cm/cmr10.pfb><C:/Users/Steven/Desktop/
COMP/fonts/type1/public/amsfonts/cm/cmsy10.pfb><C:/Users/Steven/Desktop/COMP/fo
nts/type1/urw/helvetic/uhvb8a.pfb><C:/Users/Steven/Desktop/COMP/fonts/type1/urw
/helvetic/uhvr8a.pfb><C:/Users/Steven/Desktop/COMP/fonts/type1/urw/helvetic/uhv
ro8a.pfb>
Output written on prototype_1.pdf (5 pages, 582541 bytes).
PDF statistics:
 51 PDF objects out of 1000 (max. 8388607)
 0 named destinations out of 1000 (max. 500000)
 21 words of extra memory for PDF output out of 10000 (max. 10000000)

